{"D:\\NodeJS Unit Testing\\NodeJS-Unit-Testing\\noramltest\\api.js": {"path":"D:\\NodeJS Unit Testing\\NodeJS-Unit-Testing\\noramltest\\api.js","statementMap":{"0":{"start":{"line":3,"column":15},"end":{"line":3,"column":27}},"1":{"start":{"line":5,"column":0},"end":{"line":7,"column":3}},"2":{"start":{"line":6,"column":1},"end":{"line":6,"column":34}},"3":{"start":{"line":9,"column":0},"end":{"line":12,"column":3}},"4":{"start":{"line":10,"column":1},"end":{"line":10,"column":17}},"5":{"start":{"line":11,"column":1},"end":{"line":11,"column":47}}},"fnMap":{"0":{"name":"(anonymous_0)","decl":{"start":{"line":5,"column":16},"end":{"line":5,"column":17}},"loc":{"start":{"line":5,"column":31},"end":{"line":7,"column":1}},"line":5},"1":{"name":"(anonymous_1)","decl":{"start":{"line":9,"column":17},"end":{"line":9,"column":18}},"loc":{"start":{"line":9,"column":31},"end":{"line":12,"column":1}},"line":9}},"branchMap":{},"s":{"0":1,"1":1,"2":4,"3":1,"4":0,"5":0},"f":{"0":4,"1":0},"b":{},"_coverageSchema":"1a1c01bbd47fc00a2c39e90264f33305004495a9","hash":"851d7f4891a15eee6c8572b1a8d43fc7563915da"}
,"D:\\NodeJS Unit Testing\\NodeJS-Unit-Testing\\noramltest\\app.js": {"path":"D:\\NodeJS Unit Testing\\NodeJS-Unit-Testing\\noramltest\\app.js","statementMap":{"0":{"start":{"line":6,"column":12},"end":{"line":6,"column":21}},"1":{"start":{"line":8,"column":0},"end":{"line":8,"column":24}},"2":{"start":{"line":10,"column":0},"end":{"line":10,"column":24}}},"fnMap":{},"branchMap":{},"s":{"0":1,"1":1,"2":1},"f":{},"b":{},"_coverageSchema":"1a1c01bbd47fc00a2c39e90264f33305004495a9","hash":"e7cbc802ec965a13ed733197bd89218660ab6e2e"}
,"D:\\NodeJS Unit Testing\\NodeJS-Unit-Testing\\src\\routes.js": {"path":"D:\\NodeJS Unit Testing\\NodeJS-Unit-Testing\\src\\routes.js","statementMap":{"0":{"start":{"line":4,"column":4},"end":{"line":7,"column":6}},"1":{"start":{"line":9,"column":4},"end":{"line":12,"column":6}}},"fnMap":{"0":{"name":"routes","decl":{"start":{"line":3,"column":9},"end":{"line":3,"column":15}},"loc":{"start":{"line":3,"column":21},"end":{"line":13,"column":1}},"line":3}},"branchMap":{},"s":{"0":1,"1":1},"f":{"0":1},"b":{},"_coverageSchema":"1a1c01bbd47fc00a2c39e90264f33305004495a9","hash":"238d8136b5a48003f288dc21061faa1499523ba7"}
,"D:\\NodeJS Unit Testing\\NodeJS-Unit-Testing\\src\\controllers\\product.controller.js": {"path":"D:\\NodeJS Unit Testing\\NodeJS-Unit-Testing\\src\\controllers\\product.controller.js","statementMap":{"0":{"start":{"line":4,"column":15},"end":{"line":4,"column":23}},"1":{"start":{"line":5,"column":18},"end":{"line":5,"column":50}},"2":{"start":{"line":6,"column":2},"end":{"line":6,"column":27}},"3":{"start":{"line":10,"column":20},"end":{"line":10,"column":40}},"4":{"start":{"line":11,"column":18},"end":{"line":11,"column":50}},"5":{"start":{"line":12,"column":2},"end":{"line":14,"column":3}},"6":{"start":{"line":13,"column":4},"end":{"line":13,"column":31}},"7":{"start":{"line":15,"column":2},"end":{"line":15,"column":27}}},"fnMap":{"0":{"name":"createProductHandler","decl":{"start":{"line":3,"column":22},"end":{"line":3,"column":42}},"loc":{"start":{"line":3,"column":52},"end":{"line":7,"column":1}},"line":3},"1":{"name":"getProductHandler","decl":{"start":{"line":9,"column":22},"end":{"line":9,"column":39}},"loc":{"start":{"line":9,"column":50},"end":{"line":16,"column":1}},"line":9}},"branchMap":{"0":{"loc":{"start":{"line":12,"column":2},"end":{"line":14,"column":3}},"type":"if","locations":[{"start":{"line":12,"column":2},"end":{"line":14,"column":3}},{"start":{},"end":{}}],"line":12}},"s":{"0":1,"1":1,"2":1,"3":2,"4":2,"5":2,"6":1,"7":1},"f":{"0":1,"1":2},"b":{"0":[1,1]},"_coverageSchema":"1a1c01bbd47fc00a2c39e90264f33305004495a9","hash":"224efca21ec4bfc1b79671573e1ba10473280d14"}
,"D:\\NodeJS Unit Testing\\NodeJS-Unit-Testing\\src\\models\\product.model.js": {"path":"D:\\NodeJS Unit Testing\\NodeJS-Unit-Testing\\src\\models\\product.model.js","statementMap":{"0":{"start":{"line":4,"column":15},"end":{"line":4,"column":73}},"1":{"start":{"line":6,"column":22},"end":{"line":20,"column":1}},"2":{"start":{"line":12,"column":21},"end":{"line":12,"column":42}},"3":{"start":{"line":22,"column":21},"end":{"line":22,"column":61}}},"fnMap":{"0":{"name":"(anonymous_0)","decl":{"start":{"line":12,"column":15},"end":{"line":12,"column":16}},"loc":{"start":{"line":12,"column":21},"end":{"line":12,"column":42}},"line":12}},"branchMap":{},"s":{"0":1,"1":1,"2":2,"3":1},"f":{"0":2},"b":{},"_coverageSchema":"1a1c01bbd47fc00a2c39e90264f33305004495a9","hash":"32504f33c60d773545c9b868ed36b0d5b41a2dba"}
,"D:\\NodeJS Unit Testing\\NodeJS-Unit-Testing\\src\\services\\product.service.js": {"path":"D:\\NodeJS Unit Testing\\NodeJS-Unit-Testing\\src\\services\\product.service.js","statementMap":{"0":{"start":{"line":4,"column":4},"end":{"line":4,"column":38}},"1":{"start":{"line":8,"column":4},"end":{"line":8,"column":52}}},"fnMap":{"0":{"name":"createProduct","decl":{"start":{"line":3,"column":22},"end":{"line":3,"column":35}},"loc":{"start":{"line":3,"column":43},"end":{"line":5,"column":1}},"line":3},"1":{"name":"findProduct","decl":{"start":{"line":7,"column":22},"end":{"line":7,"column":33}},"loc":{"start":{"line":7,"column":49},"end":{"line":9,"column":1}},"line":7}},"branchMap":{},"s":{"0":2,"1":2},"f":{"0":2,"1":2},"b":{},"_coverageSchema":"1a1c01bbd47fc00a2c39e90264f33305004495a9","hash":"61bfc00e98ad55df4e25af992b9f6ddcdb980f01"}
,"D:\\NodeJS Unit Testing\\NodeJS-Unit-Testing\\src\\utils\\server.js": {"path":"D:\\NodeJS Unit Testing\\NodeJS-Unit-Testing\\src\\utils\\server.js","statementMap":{"0":{"start":{"line":5,"column":14},"end":{"line":5,"column":23}},"1":{"start":{"line":7,"column":2},"end":{"line":7,"column":26}},"2":{"start":{"line":9,"column":2},"end":{"line":9,"column":14}},"3":{"start":{"line":11,"column":2},"end":{"line":11,"column":13}}},"fnMap":{"0":{"name":"createServer","decl":{"start":{"line":4,"column":9},"end":{"line":4,"column":21}},"loc":{"start":{"line":4,"column":24},"end":{"line":12,"column":1}},"line":4}},"branchMap":{},"s":{"0":1,"1":1,"2":1,"3":1},"f":{"0":1},"b":{},"_coverageSchema":"1a1c01bbd47fc00a2c39e90264f33305004495a9","hash":"9796c0bdc5d03247cd7af5c9461c89301d066470"}
}
