TN:
SF:noramltest\api.js
FN:5,(anonymous_0)
FN:9,(anonymous_1)
FNF:2
FNH:1
FNDA:4,(anonymous_0)
FNDA:0,(anonymous_1)
DA:3,1
DA:5,1
DA:6,4
DA:9,1
DA:10,0
DA:11,0
LF:6
LH:4
BRF:0
BRH:0
end_of_record
TN:
SF:noramltest\app.js
FNF:0
FNH:0
DA:4,1
DA:6,1
DA:8,1
LF:3
LH:3
BRF:0
BRH:0
end_of_record
TN:
SF:src\routes.js
FN:3,routes
FNF:1
FNH:1
FNDA:1,routes
DA:4,1
DA:9,1
LF:2
LH:2
BRF:0
BRH:0
end_of_record
TN:
SF:src\controllers\product.controller.js
FN:3,createProductHandler
FN:9,getProductHandler
FNF:2
FNH:2
FNDA:1,createProductHandler
FNDA:2,getProductHandler
DA:4,1
DA:5,1
DA:6,1
DA:10,2
DA:11,2
DA:12,2
DA:13,1
DA:15,1
LF:8
LH:8
BRDA:12,0,0,1
BRDA:12,0,1,1
BRF:2
BRH:2
end_of_record
TN:
SF:src\models\product.model.js
FN:12,(anonymous_0)
FNF:1
FNH:1
FNDA:2,(anonymous_0)
DA:4,1
DA:6,1
DA:12,2
DA:22,1
LF:4
LH:4
BRF:0
BRH:0
end_of_record
TN:
SF:src\services\product.service.js
FN:3,createProduct
FN:7,findProduct
FNF:2
FNH:2
FNDA:2,createProduct
FNDA:2,findProduct
DA:4,2
DA:8,2
LF:2
LH:2
BRF:0
BRH:0
end_of_record
TN:
SF:src\utils\server.js
FN:4,createServer
FNF:1
FNH:1
FNDA:1,createServer
DA:5,1
DA:7,1
DA:9,1
DA:11,1
LF:4
LH:4
BRF:0
BRH:0
end_of_record
